[0m15:42:21.810190 [debug] [MainThread]: Sending event: {'category': 'dbt', 'action': 'invocation', 'label': 'start', 'context': [<snowplow_tracker.self_describing_json.SelfDescribingJson object at 0x103551be0>, <snowplow_tracker.self_describing_json.SelfDescribingJson object at 0x1043cfc50>, <snowplow_tracker.self_describing_json.SelfDescribingJson object at 0x1043cfed0>]}


============================== 15:42:21.813094 | d96fc8bd-ad87-4d23-b76f-b6cb6b281fe0 ==============================
[0m15:42:21.813094 [info ] [MainThread]: Running with dbt=1.9.3
[0m15:42:21.813450 [debug] [MainThread]: running dbt with arguments {'printer_width': '80', 'indirect_selection': 'eager', 'write_json': 'True', 'log_cache_events': 'False', 'partial_parse': 'True', 'cache_selected_only': 'False', 'profiles_dir': '/Users/pnx/.dbt', 'version_check': 'True', 'debug': 'False', 'log_path': 'logs', 'warn_error': 'None', 'fail_fast': 'False', 'use_colors': 'True', 'use_experimental_parser': 'False', 'empty': 'None', 'quiet': 'False', 'no_print': 'None', 'log_format': 'default', 'invocation_command': 'dbt init', 'introspect': 'True', 'static_parser': 'True', 'target_path': 'None', 'warn_error_options': 'WarnErrorOptions(include=[], exclude=[])', 'send_anonymous_usage_stats': 'True'}
[0m15:42:26.596612 [debug] [MainThread]: Starter project path: /opt/homebrew/lib/python3.13/site-packages/dbt/include/starter_project
[0m15:42:26.606054 [info ] [MainThread]: 
Your new dbt project "gitlab" was created!

For more information on how to configure the profiles.yml file,
please consult the dbt documentation here:

  https://docs.getdbt.com/docs/configure-your-profile

One more thing:

Need help? Don't hesitate to reach out to us via GitHub issues or on Slack:

  https://community.getdbt.com/

Happy modeling!

[0m15:42:26.606509 [info ] [MainThread]: Setting up your profile.
[0m15:42:30.095080 [debug] [MainThread]: Resource report: {"command_name": "init", "command_success": true, "command_wall_clock_time": 8.321651, "process_in_blocks": "0", "process_kernel_time": 0.121626, "process_mem_max_rss": "105512960", "process_out_blocks": "0", "process_user_time": 0.688773}
[0m15:42:30.095440 [debug] [MainThread]: Command `dbt init` succeeded at 15:42:30.095370 after 8.32 seconds
[0m15:42:30.095668 [debug] [MainThread]: Sending event: {'category': 'dbt', 'action': 'invocation', 'label': 'end', 'context': [<snowplow_tracker.self_describing_json.SelfDescribingJson object at 0x1043e3ce0>, <snowplow_tracker.self_describing_json.SelfDescribingJson object at 0x10453d370>, <snowplow_tracker.self_describing_json.SelfDescribingJson object at 0x10446bce0>]}
[0m15:42:30.095903 [debug] [MainThread]: Flushing usage events
[0m15:42:30.460914 [debug] [MainThread]: An error was encountered while trying to flush usage events
[0m15:42:51.360044 [debug] [MainThread]: Sending event: {'category': 'dbt', 'action': 'invocation', 'label': 'start', 'context': [<snowplow_tracker.self_describing_json.SelfDescribingJson object at 0x105f0dbe0>, <snowplow_tracker.self_describing_json.SelfDescribingJson object at 0x106d8bc50>, <snowplow_tracker.self_describing_json.SelfDescribingJson object at 0x106d8bed0>]}


============================== 15:42:51.363221 | f8b8bb24-22b5-440e-9f8a-a5c4921d14ae ==============================
[0m15:42:51.363221 [info ] [MainThread]: Running with dbt=1.9.3
[0m15:42:51.363584 [debug] [MainThread]: running dbt with arguments {'printer_width': '80', 'indirect_selection': 'eager', 'log_cache_events': 'False', 'write_json': 'True', 'partial_parse': 'True', 'cache_selected_only': 'False', 'warn_error': 'None', 'debug': 'False', 'fail_fast': 'False', 'log_path': 'logs', 'version_check': 'True', 'profiles_dir': '/Users/pnx/.dbt', 'use_colors': 'True', 'use_experimental_parser': 'False', 'no_print': 'None', 'quiet': 'False', 'empty': 'False', 'log_format': 'default', 'introspect': 'True', 'static_parser': 'True', 'invocation_command': 'dbt compile', 'target_path': 'None', 'warn_error_options': 'WarnErrorOptions(include=[], exclude=[])', 'send_anonymous_usage_stats': 'True'}
[0m15:42:51.363964 [error] [MainThread]: Encountered an error:
Runtime Error
  No dbt_project.yml found at expected path /Users/pnx/Project/multi_query_opt/dbt_gitlab/dbt_project.yml
  Verify that each entry within packages.yml (and their transitive dependencies) contains a file named dbt_project.yml
  
[0m15:42:51.365732 [debug] [MainThread]: Resource report: {"command_name": "compile", "command_success": false, "command_wall_clock_time": 0.042923376, "process_in_blocks": "0", "process_kernel_time": 0.122349, "process_mem_max_rss": "98238464", "process_out_blocks": "0", "process_user_time": 0.64671}
[0m15:42:51.366002 [debug] [MainThread]: Command `dbt compile` failed at 15:42:51.365949 after 0.04 seconds
[0m15:42:51.366186 [debug] [MainThread]: Sending event: {'category': 'dbt', 'action': 'invocation', 'label': 'end', 'context': [<snowplow_tracker.self_describing_json.SelfDescribingJson object at 0x106da69e0>, <snowplow_tracker.self_describing_json.SelfDescribingJson object at 0x106df8a70>, <snowplow_tracker.self_describing_json.SelfDescribingJson object at 0x106e24270>]}
[0m15:42:51.366350 [debug] [MainThread]: Flushing usage events
[0m15:42:51.493427 [debug] [MainThread]: An error was encountered while trying to flush usage events
